<?xml version="1.0" encoding="UTF-8"?>
<!-- Generated by org.testng.reporters.JUnitReportReporter -->
<testsuite skipped="0" hostname="LAPTOP-AMF89HS6" name="mytestng.test" tests="1" failures="0" timestamp="24 יונ 2019 14:27:51 GMT" time="0.029" errors="0">
  <testcase name="helloWorld" time="0.029" classname="mytestng.test"/>
</testsuite> <!-- mytestng.test -->
